<?xml version="1.0" encoding="UTF-8"?>
<testng-results ignored="0" total="1" passed="1" failed="0" skipped="0">
  <reporter-output>
  </reporter-output>
  <suite started-at="2023-10-01T11:11:23 IST" name="Surefire suite" finished-at="2023-10-01T11:11:34 IST" duration-ms="10686">
    <groups>
    </groups>
    <test started-at="2023-10-01T11:11:23 IST" name="Surefire test" finished-at="2023-10-01T11:11:34 IST" duration-ms="10686">
      <class name="first.FreshworksTest">
        <test-method signature="login()[pri:0, instance:first.FreshworksTest@51b7e5df]" started-at="2023-10-01T11:11:23 IST" name="login" finished-at="2023-10-01T11:11:34 IST" duration-ms="10626" status="PASS">
          <reporter-output>
          </reporter-output>
        </test-method> <!-- login -->
      </class> <!-- first.FreshworksTest -->
    </test> <!-- Surefire test -->
  </suite> <!-- Surefire suite -->
</testng-results>
