<?xml version="1.0" encoding="UTF-8"?>
<testng-results ignored="0" total="1" passed="1" failed="0" skipped="0">
  <reporter-output>
  </reporter-output>
  <suite started-at="2023-10-01T10:08:29 IST" name="Suite" finished-at="2023-10-01T10:08:36 IST" duration-ms="7319">
    <groups>
    </groups>
    <test started-at="2023-10-01T10:08:29 IST" name="Test" finished-at="2023-10-01T10:08:36 IST" duration-ms="7319">
      <class name="first.FreshworksTest">
        <test-method signature="login()[pri:0, instance:first.FreshworksTest@7d4f9aae]" started-at="2023-10-01T10:08:29 IST" name="login" finished-at="2023-10-01T10:08:36 IST" duration-ms="7269" status="PASS">
          <reporter-output>
          </reporter-output>
        </test-method> <!-- login -->
      </class> <!-- first.FreshworksTest -->
    </test> <!-- Test -->
  </suite> <!-- Suite -->
</testng-results>
